e:\c语言\1.1\1.1\debug\颜色尝试.obj
e:\c语言\1.1\1.1\debug\vc100.pdb
e:\c语言\1.1\1.1\debug\int占几个字节.obj
e:\c语言\1.1\1.1\debug\交换.obj
e:\c语言\1.1\1.1\debug\输出.obj
e:\c语言\1.1\1.1\debug\转义字符.obj
e:\c语言\1.1\1.1\debug\输入.obj
e:\c语言\1.1\1.1\debug\面积计算.obj
e:\c语言\1.1\1.1\debug\scanf.obj
e:\c语言\1.1\1.1\debug\float.obj
e:\c语言\1.1\1.1\debug\float2.obj
e:\c语言\1.1\1.1\debug\float3.obj
e:\c语言\1.1\1.1\debug\float4.obj
e:\c语言\1.1\1.1\debug\float5.obj
e:\c语言\1.1\1.1\debug\三倍输出.obj
e:\c语言\1.1\1.1\debug\两个整数.obj
e:\生活文件\1.1\1.1\debug\float.obj
e:\生活文件\1.1\1.1\debug\vc100.pdb
e:\生活文件\1.1\1.1\debug\两个整数.obj
e:\生活文件\1.1\1.1\debug\源.obj
e:\c语言\1.1\debug\1.1.ilk
e:\c语言\1.1\debug\1.1.exe
e:\c语言\1.1\1.1\debug\1.1.exe.intermediate.manifest
e:\c语言\1.1\debug\1.1.pdb
e:\c语言\1.1\debug\代码练习1.ilk
e:\c语言\1.1\debug\代码练习1.exe
e:\c语言\1.1\1.1\debug\代码练习1.exe.intermediate.manifest
e:\c语言\1.1\debug\代码练习1.pdb
e:\生活文件\1.1\debug\代码练习1.ilk
e:\生活文件\1.1\debug\代码练习1.exe
e:\生活文件\1.1\1.1\debug\代码练习1.exe.intermediate.manifest
e:\生活文件\1.1\debug\代码练习1.pdb
e:\c语言\1.1\1.1\debug\1.1.exe.embed.manifest
e:\c语言\1.1\1.1\debug\代码练习1.exe.embed.manifest
e:\c语言\1.1\1.1\debug\1.1.exe.embed.manifest.res
e:\c语言\1.1\1.1\debug\代码练习1.exe.embed.manifest.res
e:\生活文件\1.1\1.1\debug\代码练习1.exe.embed.manifest.res
d:\1.1\1.1\debug\1.1.vcxprojresolveassemblyreference.cache
d:\1.1\1.1\debug\a.obj
d:\1.1\1.1\debug\b.obj
d:\1.1\1.1\debug\c.obj
d:\1.1\1.1\debug\d.obj
d:\1.1\1.1\debug\e.obj
d:\1.1\1.1\debug\f.obj
d:\1.1\1.1\debug\float.obj
d:\1.1\1.1\debug\float2.obj
d:\1.1\1.1\debug\float3.obj
d:\1.1\1.1\debug\float4.obj
d:\1.1\1.1\debug\float5.obj
d:\1.1\1.1\debug\int占几个字节.obj
d:\1.1\1.1\debug\scanf.obj
d:\1.1\1.1\debug\三倍输出.obj
d:\1.1\1.1\debug\两个整数.obj
d:\1.1\1.1\debug\交换.obj
d:\1.1\1.1\debug\变量.obj
d:\1.1\1.1\debug\源.obj
d:\1.1\1.1\debug\转义字符.obj
d:\1.1\1.1\debug\输入.obj
d:\1.1\1.1\debug\输出.obj
d:\1.1\1.1\debug\面积计算.obj
d:\1.1\1.1\debug\颜色尝试.obj
d:\1.1\1.1\debug\代码练习1.ilk
d:\1.1\1.1\debug\1.1.write.1.tlog
d:\1.1\1.1\debug\cl.command.1.tlog
d:\1.1\1.1\debug\cl.read.1.tlog
d:\1.1\1.1\debug\cl.write.1.tlog
d:\1.1\1.1\debug\link-cvtres.read.1.tlog
d:\1.1\1.1\debug\link-cvtres.write.1.tlog
d:\1.1\1.1\debug\link.10032-cvtres.read.1.tlog
d:\1.1\1.1\debug\link.10032-cvtres.write.1.tlog
d:\1.1\1.1\debug\link.10032.read.1.tlog
d:\1.1\1.1\debug\link.10032.write.1.tlog
d:\1.1\1.1\debug\link.10424-cvtres.read.1.tlog
d:\1.1\1.1\debug\link.10424-cvtres.write.1.tlog
d:\1.1\1.1\debug\link.10424.read.1.tlog
d:\1.1\1.1\debug\link.10424.write.1.tlog
d:\1.1\1.1\debug\link.1100-cvtres.read.1.tlog
d:\1.1\1.1\debug\link.1100-cvtres.write.1.tlog
d:\1.1\1.1\debug\link.1100.read.1.tlog
d:\1.1\1.1\debug\link.1100.write.1.tlog
d:\1.1\1.1\debug\link.1120-cvtres.read.1.tlog
d:\1.1\1.1\debug\link.1120-cvtres.write.1.tlog
d:\1.1\1.1\debug\link.1120.read.1.tlog
d:\1.1\1.1\debug\link.1120.write.1.tlog
d:\1.1\1.1\debug\link.12108-cvtres.read.1.tlog
d:\1.1\1.1\debug\link.12108-cvtres.write.1.tlog
d:\1.1\1.1\debug\link.12108.read.1.tlog
d:\1.1\1.1\debug\link.12108.write.1.tlog
d:\1.1\1.1\debug\link.12160-cvtres.read.1.tlog
d:\1.1\1.1\debug\link.12160-cvtres.write.1.tlog
d:\1.1\1.1\debug\link.12160.read.1.tlog
d:\1.1\1.1\debug\link.12160.write.1.tlog
d:\1.1\1.1\debug\link.12260-cvtres.read.1.tlog
d:\1.1\1.1\debug\link.12260-cvtres.write.1.tlog
d:\1.1\1.1\debug\link.12260.read.1.tlog
d:\1.1\1.1\debug\link.12260.write.1.tlog
d:\1.1\1.1\debug\link.12504-cvtres.read.1.tlog
d:\1.1\1.1\debug\link.12504-cvtres.write.1.tlog
d:\1.1\1.1\debug\link.12504.read.1.tlog
d:\1.1\1.1\debug\link.12504.write.1.tlog
d:\1.1\1.1\debug\link.13116-cvtres.read.1.tlog
d:\1.1\1.1\debug\link.13116-cvtres.write.1.tlog
d:\1.1\1.1\debug\link.13116.read.1.tlog
d:\1.1\1.1\debug\link.13116.write.1.tlog
d:\1.1\1.1\debug\link.13304-cvtres.read.1.tlog
d:\1.1\1.1\debug\link.13304-cvtres.write.1.tlog
d:\1.1\1.1\debug\link.13304.read.1.tlog
d:\1.1\1.1\debug\link.13304.write.1.tlog
d:\1.1\1.1\debug\link.1508-cvtres.read.1.tlog
d:\1.1\1.1\debug\link.1508-cvtres.write.1.tlog
d:\1.1\1.1\debug\link.1508.read.1.tlog
d:\1.1\1.1\debug\link.1508.write.1.tlog
d:\1.1\1.1\debug\link.15164-cvtres.read.1.tlog
d:\1.1\1.1\debug\link.15164-cvtres.write.1.tlog
d:\1.1\1.1\debug\link.15164.read.1.tlog
d:\1.1\1.1\debug\link.15164.write.1.tlog
d:\1.1\1.1\debug\link.15232-cvtres.read.1.tlog
d:\1.1\1.1\debug\link.15232-cvtres.write.1.tlog
d:\1.1\1.1\debug\link.15232.read.1.tlog
d:\1.1\1.1\debug\link.15232.write.1.tlog
d:\1.1\1.1\debug\link.15244-cvtres.read.1.tlog
d:\1.1\1.1\debug\link.15244-cvtres.write.1.tlog
d:\1.1\1.1\debug\link.15244.read.1.tlog
d:\1.1\1.1\debug\link.15244.write.1.tlog
d:\1.1\1.1\debug\link.16064-cvtres.read.1.tlog
d:\1.1\1.1\debug\link.16064-cvtres.write.1.tlog
d:\1.1\1.1\debug\link.16064.read.1.tlog
d:\1.1\1.1\debug\link.16064.write.1.tlog
d:\1.1\1.1\debug\link.1748-cvtres.read.1.tlog
d:\1.1\1.1\debug\link.1748-cvtres.write.1.tlog
d:\1.1\1.1\debug\link.1748.read.1.tlog
d:\1.1\1.1\debug\link.1748.write.1.tlog
d:\1.1\1.1\debug\link.17780-cvtres.read.1.tlog
d:\1.1\1.1\debug\link.17780-cvtres.write.1.tlog
d:\1.1\1.1\debug\link.17780.read.1.tlog
d:\1.1\1.1\debug\link.17780.write.1.tlog
d:\1.1\1.1\debug\link.18020-cvtres.read.1.tlog
d:\1.1\1.1\debug\link.18020-cvtres.write.1.tlog
d:\1.1\1.1\debug\link.18020.read.1.tlog
d:\1.1\1.1\debug\link.18020.write.1.tlog
d:\1.1\1.1\debug\link.2772-cvtres.read.1.tlog
d:\1.1\1.1\debug\link.2772-cvtres.write.1.tlog
d:\1.1\1.1\debug\link.2772.read.1.tlog
d:\1.1\1.1\debug\link.2772.write.1.tlog
d:\1.1\1.1\debug\link.4112-cvtres.read.1.tlog
d:\1.1\1.1\debug\link.4112-cvtres.write.1.tlog
d:\1.1\1.1\debug\link.4112.read.1.tlog
d:\1.1\1.1\debug\link.4112.write.1.tlog
d:\1.1\1.1\debug\link.6040-cvtres.read.1.tlog
d:\1.1\1.1\debug\link.6040-cvtres.write.1.tlog
d:\1.1\1.1\debug\link.6040.read.1.tlog
d:\1.1\1.1\debug\link.6040.write.1.tlog
d:\1.1\1.1\debug\link.7396-cvtres.read.1.tlog
d:\1.1\1.1\debug\link.7396-cvtres.write.1.tlog
d:\1.1\1.1\debug\link.7396.read.1.tlog
d:\1.1\1.1\debug\link.7396.write.1.tlog
d:\1.1\1.1\debug\link.8876-cvtres.read.1.tlog
d:\1.1\1.1\debug\link.8876-cvtres.write.1.tlog
d:\1.1\1.1\debug\link.8876.read.1.tlog
d:\1.1\1.1\debug\link.8876.write.1.tlog
d:\1.1\1.1\debug\link.9012-cvtres.read.1.tlog
d:\1.1\1.1\debug\link.9012-cvtres.write.1.tlog
d:\1.1\1.1\debug\link.9012.read.1.tlog
d:\1.1\1.1\debug\link.9012.write.1.tlog
d:\1.1\1.1\debug\link.9044-cvtres.read.1.tlog
d:\1.1\1.1\debug\link.9044-cvtres.write.1.tlog
d:\1.1\1.1\debug\link.9044.read.1.tlog
d:\1.1\1.1\debug\link.9044.write.1.tlog
d:\1.1\1.1\debug\link.9540-cvtres.read.1.tlog
d:\1.1\1.1\debug\link.9540-cvtres.write.1.tlog
d:\1.1\1.1\debug\link.9540.read.1.tlog
d:\1.1\1.1\debug\link.9540.write.1.tlog
d:\1.1\1.1\debug\link.9788-cvtres.read.1.tlog
d:\1.1\1.1\debug\link.9788-cvtres.write.1.tlog
d:\1.1\1.1\debug\link.9788.read.1.tlog
d:\1.1\1.1\debug\link.9788.write.1.tlog
d:\1.1\1.1\debug\link.command.1.tlog
d:\1.1\1.1\debug\link.read.1.tlog
d:\1.1\1.1\debug\link.write.1.tlog
d:\1.1\1.1\debug\mt.command.1.tlog
d:\1.1\1.1\debug\mt.read.1.tlog
d:\1.1\1.1\debug\mt.write.1.tlog
d:\1.1\1.1\debug\rc.command.1.tlog
d:\1.1\1.1\debug\rc.read.1.tlog
d:\1.1\1.1\debug\rc.write.1.tlog
d:\1.1\1.1\debug\代码练习1.write.1.tlog
d:\1.1\1.1\debug\1.1.exe.embed.manifest
d:\1.1\1.1\debug\1.1.exe.intermediate.manifest
d:\1.1\1.1\debug\代码练习1.exe.embed.manifest
d:\1.1\1.1\debug\代码练习1.exe.intermediate.manifest
d:\1.1\1.1\debug\1.1.exe.embed.manifest.res
d:\1.1\1.1\debug\代码练习1.exe.embed.manifest.res
d:\1.1\1.1\debug\vc100.idb
d:\1.1\1.1\debug\vc100.pdb
d:\1.1\1.1\debug\代码练习1.pdb
d:\1.1\1.1\debug\1.1_manifest.rc
d:\1.1\1.1\debug\代码练习1_manifest.rc
d:\1.1\debug\代码练习1.pdb
d:\1.1\debug\代码练习1.exe
d:\1.1\debug\代码练习1.ilk
